TN:
SF:/home/pi/lorano/lib/lorano.js
FN:20,wait_for
FN:40,(anonymous_1)
FN:72,(anonymous_2)
FN:73,(anonymous_3)
FN:77,(anonymous_4)
FN:78,(anonymous_5)
FN:82,(anonymous_6)
FN:83,(anonymous_7)
FN:89,(anonymous_8)
FN:97,(anonymous_9)
FN:125,(anonymous_10)
FN:134,(anonymous_11)
FN:139,(anonymous_12)
FN:142,(anonymous_13)
FN:197,(anonymous_14)
FN:199,(anonymous_15)
FN:203,(anonymous_16)
FN:266,(anonymous_17)
FN:279,(anonymous_18)
FN:297,(anonymous_19)
FN:405,(anonymous_20)
FN:407,(anonymous_21)
FN:464,(anonymous_22)
FN:470,(anonymous_23)
FN:489,(anonymous_24)
FN:501,(anonymous_25)
FN:506,(anonymous_26)
FN:515,(anonymous_27)
FN:528,(anonymous_28)
FN:541,(anonymous_29)
FNF:30
FNH:26
FNDA:10,wait_for
FNDA:1,(anonymous_1)
FNDA:0,(anonymous_2)
FNDA:0,(anonymous_3)
FNDA:27,(anonymous_4)
FNDA:3,(anonymous_5)
FNDA:5,(anonymous_6)
FNDA:1,(anonymous_7)
FNDA:1,(anonymous_8)
FNDA:12,(anonymous_9)
FNDA:1,(anonymous_10)
FNDA:0,(anonymous_11)
FNDA:3,(anonymous_12)
FNDA:3,(anonymous_13)
FNDA:2,(anonymous_14)
FNDA:2,(anonymous_15)
FNDA:1,(anonymous_16)
FNDA:3,(anonymous_17)
FNDA:3,(anonymous_18)
FNDA:1,(anonymous_19)
FNDA:2,(anonymous_20)
FNDA:2,(anonymous_21)
FNDA:2,(anonymous_22)
FNDA:10,(anonymous_23)
FNDA:3,(anonymous_24)
FNDA:1,(anonymous_25)
FNDA:1,(anonymous_26)
FNDA:3,(anonymous_27)
FNDA:3,(anonymous_28)
FNDA:0,(anonymous_29)
DA:3,1
DA:5,1
DA:6,1
DA:7,1
DA:8,1
DA:9,1
DA:10,1
DA:11,1
DA:22,10
DA:24,12
DA:25,12
DA:27,3
DA:29,9
DA:33,7
DA:38,1
DA:45,1
DA:47,1
DA:69,1
DA:71,1
DA:72,0
DA:73,0
DA:76,1
DA:77,27
DA:78,3
DA:81,1
DA:82,5
DA:83,1
DA:86,1
DA:87,1
DA:89,1
DA:91,1
DA:94,1
DA:95,1
DA:97,1
DA:99,12
DA:101,12
DA:103,12
DA:105,4
DA:109,8
DA:111,6
DA:117,12
DA:120,1
DA:122,1
DA:125,1
DA:127,1
DA:129,1
DA:130,1
DA:134,0
DA:141,3
DA:142,3
DA:144,3
DA:146,3
DA:150,7
DA:153,3
DA:154,3
DA:157,3
DA:159,1
DA:162,2
DA:166,0
DA:167,0
DA:172,7
DA:173,7
DA:175,3
DA:179,4
DA:180,4
DA:182,3
DA:188,0
DA:192,3
DA:199,2
DA:201,2
DA:203,2
DA:205,1
DA:206,1
DA:209,0
DA:211,1
DA:214,0
DA:217,1
DA:219,0
DA:222,1
DA:225,1
DA:232,2
DA:234,2
DA:235,2
DA:236,2
DA:237,2
DA:239,2
DA:245,2
DA:249,2
DA:250,2
DA:254,0
DA:257,2
DA:261,0
DA:268,3
DA:281,3
DA:283,3
DA:290,0
DA:300,1
DA:301,1
DA:303,0
DA:307,1
DA:310,1
DA:312,0
DA:316,1
DA:318,0
DA:322,1
DA:324,1
DA:334,0
DA:338,1
DA:341,1
DA:347,1
DA:353,1
DA:356,1
DA:386,1
DA:390,1
DA:402,1
DA:407,2
DA:409,2
DA:410,2
DA:411,2
DA:414,0
DA:416,2
DA:419,0
DA:420,0
DA:423,2
DA:425,0
DA:426,0
DA:429,2
DA:430,2
DA:432,0
DA:433,0
DA:436,2
DA:438,2
DA:466,2
DA:467,2
DA:469,2
DA:470,2
DA:473,10
DA:475,32
DA:479,2
DA:480,2
DA:481,2
DA:482,2
DA:483,2
DA:484,2
DA:486,2
DA:491,3
DA:492,3
DA:494,3
DA:496,0
DA:503,1
DA:508,1
DA:510,1
DA:511,1
DA:512,1
DA:519,3
DA:521,3
DA:522,3
DA:523,3
DA:525,0
DA:530,3
DA:531,3
DA:534,3
DA:538,0
DA:543,0
DA:544,0
DA:546,0
DA:548,0
LF:167
LH:137
BRDA:3,0,0,1
BRDA:3,0,1,1
BRDA:25,1,0,3
BRDA:25,1,1,9
BRDA:29,2,0,7
BRDA:29,2,1,2
BRDA:29,3,0,9
BRDA:29,3,1,9
BRDA:29,3,2,9
BRDA:99,4,0,12
BRDA:99,4,1,0
BRDA:99,5,0,12
BRDA:99,5,1,12
BRDA:103,6,0,4
BRDA:103,6,1,8
BRDA:109,7,0,6
BRDA:109,7,1,2
BRDA:141,8,0,0
BRDA:141,8,1,3
BRDA:157,9,0,1
BRDA:157,9,1,2
BRDA:162,10,0,0
BRDA:162,10,1,2
BRDA:162,11,0,2
BRDA:162,11,1,2
BRDA:162,11,2,2
BRDA:173,12,0,3
BRDA:173,12,1,4
BRDA:180,13,0,3
BRDA:180,13,1,1
BRDA:203,14,0,2
BRDA:203,14,1,1
BRDA:206,15,0,0
BRDA:206,15,1,1
BRDA:211,16,0,0
BRDA:211,16,1,1
BRDA:211,17,0,1
BRDA:211,17,1,1
BRDA:217,18,0,0
BRDA:217,18,1,1
BRDA:250,19,0,0
BRDA:250,19,1,2
BRDA:250,20,0,2
BRDA:250,20,1,2
BRDA:250,20,2,2
BRDA:281,21,0,3
BRDA:281,21,1,0
BRDA:301,22,0,0
BRDA:301,22,1,1
BRDA:310,23,0,0
BRDA:310,23,1,1
BRDA:316,24,0,0
BRDA:316,24,1,1
BRDA:411,25,0,0
BRDA:411,25,1,2
BRDA:416,26,0,0
BRDA:416,26,1,2
BRDA:416,27,0,2
BRDA:416,27,1,2
BRDA:423,28,0,0
BRDA:423,28,1,2
BRDA:430,29,0,0
BRDA:430,29,1,2
BRDA:492,30,0,3
BRDA:492,30,1,0
BRDA:519,31,0,3
BRDA:519,31,1,0
BRDA:531,32,0,3
BRDA:531,32,1,0
BRDA:544,33,0,0
BRDA:544,33,1,0
BRF:71
BRH:51
end_of_record
