TN:
SF:/home/david/lorano/lib/lorano.js
FN:20,wait_for
FN:40,(anonymous_1)
FN:74,(anonymous_2)
FN:75,(anonymous_3)
FN:79,(anonymous_4)
FN:80,(anonymous_5)
FN:84,(anonymous_6)
FN:85,(anonymous_7)
FN:91,(anonymous_8)
FN:99,(anonymous_9)
FN:101,(anonymous_10)
FN:130,(anonymous_11)
FN:139,(anonymous_12)
FN:144,(anonymous_13)
FN:148,(anonymous_14)
FN:202,(anonymous_15)
FN:204,(anonymous_16)
FN:208,(anonymous_17)
FN:271,(anonymous_18)
FN:284,(anonymous_19)
FN:302,(anonymous_20)
FN:408,(anonymous_21)
FN:410,(anonymous_22)
FN:467,(anonymous_23)
FN:472,(anonymous_24)
FN:484,(anonymous_25)
FN:489,(anonymous_26)
FN:498,(anonymous_27)
FN:511,(anonymous_28)
FN:524,(anonymous_29)
FN:531,(anonymous_30)
FN:543,(anonymous_31)
FN:549,(anonymous_32)
FNF:33
FNH:33
FNDA:121,wait_for
FNDA:19,(anonymous_1)
FNDA:33,(anonymous_2)
FNDA:6,(anonymous_3)
FNDA:493,(anonymous_4)
FNDA:64,(anonymous_5)
FNDA:78,(anonymous_6)
FNDA:15,(anonymous_7)
FNDA:19,(anonymous_8)
FNDA:111,(anonymous_9)
FNDA:111,(anonymous_10)
FNDA:19,(anonymous_11)
FNDA:1,(anonymous_12)
FNDA:46,(anonymous_13)
FNDA:17,(anonymous_14)
FNDA:33,(anonymous_15)
FNDA:33,(anonymous_16)
FNDA:18,(anonymous_17)
FNDA:46,(anonymous_18)
FNDA:46,(anonymous_19)
FNDA:19,(anonymous_20)
FNDA:37,(anonymous_21)
FNDA:37,(anonymous_22)
FNDA:30,(anonymous_23)
FNDA:55,(anonymous_24)
FNDA:15,(anonymous_25)
FNDA:18,(anonymous_26)
FNDA:85,(anonymous_27)
FNDA:85,(anonymous_28)
FNDA:21,(anonymous_29)
FNDA:30,(anonymous_30)
FNDA:60,(anonymous_31)
FNDA:300,(anonymous_32)
DA:3,1
DA:5,1
DA:6,1
DA:7,1
DA:8,1
DA:9,1
DA:10,1
DA:11,1
DA:22,121
DA:24,122
DA:25,122
DA:27,14
DA:29,108
DA:33,107
DA:46,19
DA:48,19
DA:71,19
DA:73,19
DA:74,33
DA:75,6
DA:78,19
DA:79,493
DA:80,64
DA:83,19
DA:84,78
DA:85,15
DA:88,19
DA:89,19
DA:91,19
DA:93,19
DA:96,19
DA:97,19
DA:99,19
DA:101,111
DA:103,111
DA:105,110
DA:107,110
DA:109,61
DA:113,49
DA:115,19
DA:121,111
DA:125,19
DA:127,19
DA:130,19
DA:132,19
DA:134,19
DA:135,19
DA:139,1
DA:146,46
DA:147,17
DA:148,17
DA:150,17
DA:152,17
DA:156,75
DA:159,56
DA:160,56
DA:163,56
DA:165,19
DA:168,37
DA:172,1
DA:177,72
DA:178,72
DA:180,14
DA:184,58
DA:185,58
DA:187,56
DA:193,1
DA:197,16
DA:204,33
DA:206,33
DA:208,33
DA:210,18
DA:211,18
DA:214,1
DA:216,17
DA:219,1
DA:222,16
DA:224,1
DA:227,15
DA:230,15
DA:237,30
DA:239,30
DA:240,30
DA:241,30
DA:242,30
DA:244,30
DA:250,30
DA:254,30
DA:255,30
DA:259,1
DA:262,29
DA:266,4
DA:273,46
DA:286,46
DA:288,43
DA:295,3
DA:305,19
DA:306,19
DA:308,1
DA:312,18
DA:313,18
DA:315,1
DA:319,17
DA:321,1
DA:325,16
DA:327,16
DA:337,1
DA:341,15
DA:344,15
DA:350,15
DA:356,15
DA:359,15
DA:389,15
DA:393,15
DA:405,15
DA:410,37
DA:412,37
DA:413,37
DA:414,37
DA:417,2
DA:419,35
DA:422,1
DA:423,1
DA:426,34
DA:428,2
DA:429,2
DA:432,32
DA:433,32
DA:435,1
DA:436,1
DA:439,31
DA:441,31
DA:469,30
DA:474,55
DA:475,55
DA:477,49
DA:479,6
DA:486,15
DA:491,18
DA:493,18
DA:494,18
DA:495,18
DA:502,85
DA:504,64
DA:505,64
DA:506,64
DA:508,21
DA:513,85
DA:514,85
DA:517,64
DA:521,21
DA:526,21
DA:533,30
DA:534,30
DA:536,15
DA:538,15
DA:543,1
DA:545,60
DA:546,60
DA:548,60
DA:549,60
DA:552,300
DA:554,960
DA:558,60
DA:559,60
DA:560,60
DA:561,60
DA:562,60
DA:563,60
DA:565,60
DA:568,1
LF:171
LH:171
BRDA:3,0,0,1
BRDA:3,0,1,1
BRDA:25,1,0,14
BRDA:25,1,1,108
BRDA:29,2,0,107
BRDA:29,2,1,1
BRDA:29,3,0,108
BRDA:29,3,1,107
BRDA:29,3,2,107
BRDA:103,4,0,110
BRDA:103,4,1,1
BRDA:103,5,0,111
BRDA:103,5,1,110
BRDA:107,6,0,61
BRDA:107,6,1,49
BRDA:113,7,0,19
BRDA:113,7,1,30
BRDA:146,8,0,29
BRDA:146,8,1,17
BRDA:163,9,0,19
BRDA:163,9,1,37
BRDA:168,10,0,1
BRDA:168,10,1,35
BRDA:168,11,0,37
BRDA:168,11,1,37
BRDA:168,11,2,37
BRDA:178,12,0,14
BRDA:178,12,1,58
BRDA:185,13,0,56
BRDA:185,13,1,2
BRDA:208,14,0,33
BRDA:208,14,1,18
BRDA:211,15,0,1
BRDA:211,15,1,17
BRDA:216,16,0,1
BRDA:216,16,1,16
BRDA:216,17,0,17
BRDA:216,17,1,16
BRDA:222,18,0,1
BRDA:222,18,1,15
BRDA:255,19,0,1
BRDA:255,19,1,29
BRDA:255,20,0,30
BRDA:255,20,1,30
BRDA:255,20,2,29
BRDA:286,21,0,43
BRDA:286,21,1,3
BRDA:306,22,0,1
BRDA:306,22,1,18
BRDA:313,23,0,1
BRDA:313,23,1,17
BRDA:319,24,0,1
BRDA:319,24,1,16
BRDA:414,25,0,2
BRDA:414,25,1,35
BRDA:419,26,0,1
BRDA:419,26,1,34
BRDA:419,27,0,35
BRDA:419,27,1,34
BRDA:426,28,0,2
BRDA:426,28,1,32
BRDA:433,29,0,1
BRDA:433,29,1,31
BRDA:475,30,0,49
BRDA:475,30,1,6
BRDA:502,31,0,64
BRDA:502,31,1,21
BRDA:514,32,0,64
BRDA:514,32,1,21
BRDA:534,33,0,15
BRDA:534,33,1,15
BRF:71
BRH:71
end_of_record
